<?xml version="1.0" encoding="UTF-8"?>
<testng-results ignored="0" total="1" passed="1" failed="0" skipped="0">
  <reporter-output>
  </reporter-output>
  <suite started-at="2026-03-09T17:58:35 IST" name="Default suite" finished-at="2026-03-09T17:58:46 IST" duration-ms="11283">
    <groups>
    </groups>
    <test started-at="2026-03-09T17:58:35 IST" name="Default test" finished-at="2026-03-09T17:58:46 IST" duration-ms="11283">
      <class name="tests.FlightBookingTest">
        <test-method is-config="true" signature="setup()[pri:0, instance:tests.FlightBookingTest@26794848]" started-at="2026-03-09T17:58:35 IST" name="setup" finished-at="2026-03-09T17:58:43 IST" duration-ms="7427" status="PASS">
          <reporter-output>
          </reporter-output>
        </test-method> <!-- setup -->
        <test-method signature="bookFlightTest()[pri:0, instance:tests.FlightBookingTest@26794848]" started-at="2026-03-09T17:58:43 IST" name="bookFlightTest" finished-at="2026-03-09T17:58:46 IST" duration-ms="3292" status="PASS">
          <reporter-output>
          </reporter-output>
        </test-method> <!-- bookFlightTest -->
        <test-method is-config="true" signature="tearDown()[pri:0, instance:tests.FlightBookingTest@26794848]" started-at="2026-03-09T17:58:46 IST" name="tearDown" finished-at="2026-03-09T17:58:46 IST" duration-ms="497" status="PASS">
          <reporter-output>
          </reporter-output>
        </test-method> <!-- tearDown -->
      </class> <!-- tests.FlightBookingTest -->
    </test> <!-- Default test -->
  </suite> <!-- Default suite -->
</testng-results>
