<?xml version="1.0" encoding="UTF-8"?>
<testng-results ignored="0" total="1" passed="1" failed="0" skipped="0">
  <reporter-output>
  </reporter-output>
  <suite started-at="2026-03-10T12:16:48 IST" name="Default suite" finished-at="2026-03-10T12:17:05 IST" duration-ms="16362">
    <groups>
    </groups>
    <test started-at="2026-03-10T12:16:48 IST" name="Default test" finished-at="2026-03-10T12:17:05 IST" duration-ms="16362">
      <class name="tests.FlightBookingTest">
        <test-method is-config="true" signature="setup()[pri:0, instance:tests.FlightBookingTest@a514af7]" started-at="2026-03-10T12:16:49 IST" name="setup" finished-at="2026-03-10T12:17:01 IST" duration-ms="11985" status="PASS">
          <reporter-output>
          </reporter-output>
        </test-method> <!-- setup -->
        <test-method signature="bookFlightTest()[pri:0, instance:tests.FlightBookingTest@a514af7]" started-at="2026-03-10T12:17:01 IST" name="bookFlightTest" finished-at="2026-03-10T12:17:05 IST" duration-ms="4074" status="PASS">
          <reporter-output>
          </reporter-output>
        </test-method> <!-- bookFlightTest -->
        <test-method is-config="true" signature="tearDown()[pri:0, instance:tests.FlightBookingTest@a514af7]" started-at="2026-03-10T12:17:05 IST" name="tearDown" finished-at="2026-03-10T12:17:05 IST" duration-ms="241" status="PASS">
          <reporter-output>
          </reporter-output>
        </test-method> <!-- tearDown -->
      </class> <!-- tests.FlightBookingTest -->
    </test> <!-- Default test -->
  </suite> <!-- Default suite -->
</testng-results>
